Beam angle: 0.000000
ID: 1, X: 0.000000, Z: 1.000000, Angle: 0.000000, Angle dif: 0.000000
ID: 2, X: 3.000000, Z: 4.000000, Angle: 36.869898, Angle dif: 36.869898
ID: 3, X: -3.000000, Z: 4.000000, Angle: -36.869898, Angle dif: 36.869898
{"Sources": [1]}
Beam angle: 0.000000
ID: 1, X: 0.000000, Z: 1.000000, Angle: 0.000000, Angle dif: 0.000000
{"Sources": [1]}
Beam angle: 0.000000
ID: 1, X: 0.000000, Z: 0.500000, Angle: 0.000000, Angle dif: 0.000000
ID: 2, X: 0.000000, Z: 1.000000, Angle: 0.000000, Angle dif: 0.000000
ID: 3, X: 0.000000, Z: 1.500000, Angle: 0.000000, Angle dif: 0.000000
ID: 4, X: 0.000000, Z: 2.000000, Angle: 0.000000, Angle dif: 0.000000
ID: 5, X: 0.000000, Z: 2.500000, Angle: 0.000000, Angle dif: 0.000000
ID: 6, X: 0.000000, Z: 3.000000, Angle: 0.000000, Angle dif: 0.000000
{"Sources": [1, 2, 3, 4, 5, 6]}
Beam angle: 0.000000
ID: 1, X: -0.190810, Z: 0.981630, Angle: -11.000026, Angle dif: 11.000026
ID: 2, X: -0.156430, Z: 0.987690, Angle: -8.999732, Angle dif: 8.999732
ID: 3, X: -0.087156, Z: 0.996190, Angle: -5.000038, Angle dif: 5.000038
ID: 4, X: 0.087156, Z: 0.996190, Angle: 5.000038, Angle dif: 5.000038
ID: 5, X: 0.156430, Z: 0.987690, Angle: 8.999732, Angle dif: 8.999732
ID: 6, X: 0.190810, Z: 0.981630, Angle: 11.000026, Angle dif: 11.000026
{"Sources": [2, 3, 4, 5]}
Beam angle: 12.852582
ID: 1, X: 0.071901, Z: 0.436450, Angle: 9.354911, Angle dif: 3.497670
ID: 2, X: 0.567590, Z: 3.050800, Angle: 10.539171, Angle dif: 2.313411
ID: 3, X: 0.370430, Z: 2.886300, Angle: 7.313406, Angle dif: 5.539176
{"Sources": [1, 2, 3]}
Beam angle: 15.826534
ID: 1, X: 0.629780, Z: 2.707300, Angle: 13.095414, Angle dif: 2.731120
{"Sources": [1]}
Beam angle: -14.835225
ID: 1, X: -0.729720, Z: 3.531100, Angle: -11.676105, Angle dif: 3.159120
ID: 2, X: -0.324750, Z: 1.218800, Angle: -14.919859, Angle dif: 0.084635
{"Sources": [1, 2]}
Beam angle: -18.674449
ID: 1, X: -0.159580, Z: 0.376080, Angle: -22.992707, Angle dif: 4.318259
{"Sources": [1]}
Beam angle: 14.905389
ID: 1, X: 1.010900, Z: 2.369400, Angle: 23.105427, Angle dif: 8.200037
ID: 2, X: 0.778050, Z: 2.609000, Angle: 16.605512, Angle dif: 1.700123
{"Sources": [1, 2]}
Beam angle: -24.546735
ID: 1, X: -1.726200, Z: 3.585700, Angle: -25.706735, Angle dif: 1.160000
{"Sources": [1]}
Beam angle: 30.366527
ID: 1, X: 0.413690, Z: 0.911820, Angle: 24.403653, Angle dif: 5.962873
ID: 2, X: 1.201400, Z: 2.609600, Angle: 24.720259, Angle dif: 5.646267
ID: 3, X: 1.472900, Z: 3.491900, Angle: 22.870248, Angle dif: 7.496278
ID: 4, X: 0.636470, Z: 1.151200, Angle: 28.937120, Angle dif: 1.429406
ID: 5, X: 0.388240, Z: 0.962320, Angle: 21.971202, Angle dif: 8.395324
{"Sources": [1, 2, 3, 4, 5]}
Beam angle: 27.180208
ID: 1, X: 1.464900, Z: 2.598300, Angle: 29.413943, Angle dif: 2.233736
ID: 2, X: 1.171200, Z: 3.159800, Angle: 20.337545, Angle dif: 6.842662
ID: 3, X: 0.428640, Z: 1.108800, Angle: 21.135509, Angle dif: 6.044698
ID: 4, X: 0.505530, Z: 1.631000, Angle: 17.220872, Angle dif: 9.959335
ID: 5, X: 0.089335, Z: 0.272840, Angle: 18.129809, Angle dif: 9.050398
{"Sources": [1, 2, 3, 4, 5]}
Beam angle: -34.118500
ID: 1, X: -1.453100, Z: 2.748100, Angle: -27.868334, Angle dif: 6.250166
ID: 2, X: -1.497200, Z: 2.944700, Angle: -26.950554, Angle dif: 7.167945
ID: 3, X: -1.662400, Z: 2.415800, Angle: -34.533277, Angle dif: 0.414777
ID: 4, X: -0.176530, Z: 0.370610, Angle: -25.469526, Angle dif: 8.648974
{"Sources": [1, 2, 3, 4]}
Beam angle: -6.571052
ID: 1, X: -0.155620, Z: 3.760700, Angle: -2.369581, Angle dif: 4.201470
ID: 2, X: -0.035331, Z: 0.256960, Angle: -7.828858, Angle dif: 1.257806
ID: 3, X: -0.129740, Z: 1.545700, Angle: -4.797937, Angle dif: 1.773115
{"Sources": [1, 2, 3]}
Beam angle: -29.957344
ID: 1, X: -0.987810, Z: 2.359900, Angle: -22.713274, Angle dif: 7.244070
ID: 2, X: -1.171400, Z: 1.817200, Angle: -32.806561, Angle dif: 2.849217
ID: 3, X: -1.921600, Z: 3.291700, Angle: -30.275156, Angle dif: 0.317813
ID: 4, X: -1.323800, Z: 2.350500, Angle: -29.388182, Angle dif: 0.569162
ID: 5, X: -0.843040, Z: 2.073600, Angle: -22.124625, Angle dif: 7.832718
{"Sources": [1, 2, 3, 4, 5]}
Beam angle: -33.250606
ID: 1, X: -1.227700, Z: 2.578200, Angle: -25.463086, Angle dif: 7.787520
{"Sources": [1]}
Beam angle: -25.518036
ID: 1, X: -1.553100, Z: 3.631200, Angle: -23.156873, Angle dif: 2.361164
{"Sources": [1]}
Beam angle: -33.081469
ID: 1, X: -1.220600, Z: 2.347900, Angle: -27.468515, Angle dif: 5.612954
ID: 2, X: -1.786000, Z: 2.846200, Angle: -32.108408, Angle dif: 0.973061
ID: 3, X: -0.330310, Z: 0.512930, Angle: -32.780199, Angle dif: 0.301270
ID: 4, X: -1.385700, Z: 2.122600, Angle: -33.137765, Angle dif: 0.056296
ID: 5, X: -0.694290, Z: 1.555700, Angle: -24.050626, Angle dif: 9.030843
{"Sources": [1, 2, 3, 4, 5]}
Beam angle: -5.812471
ID: 1, X: -0.530710, Z: 3.117900, Angle: -9.659958, Angle dif: 3.847487
ID: 2, X: 0.043064, Z: 1.012200, Angle: 2.436177, Angle dif: 8.248648
ID: 3, X: -0.716280, Z: 3.167100, Angle: -12.743777, Angle dif: 6.931307
{"Sources": [1, 2, 3]}
Beam angle: -20.193017
ID: 1, X: -0.714660, Z: 1.805900, Angle: -21.590499, Angle dif: 1.397482
ID: 2, X: -1.696500, Z: 3.564500, Angle: -25.451801, Angle dif: 5.258784
{"Sources": [1, 2]}
Beam angle: 11.154079
ID: 1, X: 0.295720, Z: 3.849200, Angle: 4.393196, Angle dif: 6.760883
{"Sources": [1]}
Beam angle: -25.047204
ID: 1, X: -0.773850, Z: 1.792900, Angle: -23.345953, Angle dif: 1.701250
ID: 2, X: -1.837300, Z: 2.818800, Angle: -33.096397, Angle dif: 8.049193
ID: 3, X: -0.973840, Z: 1.634900, Angle: -30.780448, Angle dif: 5.733245
ID: 4, X: -0.233850, Z: 0.678430, Angle: -19.018709, Angle dif: 6.028495
{"Sources": [1, 2, 3, 4]}
Beam angle: 10.986077
ID: 1, X: 1.046700, Z: 2.837300, Angle: 20.249374, Angle dif: 9.263297
ID: 2, X: 0.126520, Z: 0.542610, Angle: 13.125109, Angle dif: 2.139033
{"Sources": [1, 2]}
Beam angle: -25.761174
ID: 1, X: -0.921860, Z: 1.390100, Angle: -33.550783, Angle dif: 7.789608
ID: 2, X: -1.675900, Z: 3.217300, Angle: -27.515125, Angle dif: 1.753951
ID: 3, X: -0.819350, Z: 2.255000, Angle: -19.968519, Angle dif: 5.792656
{"Sources": [1, 2, 3]}
Beam angle: -32.192224
ID: 1, X: -1.209800, Z: 1.905100, Angle: -32.416865, Angle dif: 0.224641
{"Sources": [1]}
Beam angle: 5.714598
ID: 1, X: 0.580360, Z: 3.001500, Angle: 10.943473, Angle dif: 5.228876
ID: 2, X: 0.016027, Z: 0.423550, Angle: 2.167021, Angle dif: 3.547577
ID: 3, X: -0.106720, Z: 2.132500, Angle: -2.864951, Angle dif: 8.579549
ID: 4, X: 0.389060, Z: 2.504000, Angle: 8.831736, Angle dif: 3.117138
{"Sources": [1, 2, 3, 4]}
Beam angle: 9.565456
ID: 1, X: 0.901710, Z: 2.886700, Angle: 17.347085, Angle dif: 7.781629
{"Sources": [1]}
Beam angle: 23.487291
ID: 1, X: 1.674200, Z: 3.175900, Angle: 27.796300, Angle dif: 4.309008
{"Sources": [1]}
Beam angle: -0.375351
ID: 1, X: -0.153740, Z: 3.107300, Angle: -2.832516, Angle dif: 2.457164
ID: 2, X: -0.028903, Z: 0.216920, Angle: -7.589539, Angle dif: 7.214188
ID: 3, X: -0.150790, Z: 3.197200, Angle: -2.700248, Angle dif: 2.324897
ID: 4, X: 0.576540, Z: 3.950600, Angle: 8.302979, Angle dif: 8.678330
ID: 5, X: 0.111300, Z: 1.151700, Angle: 5.519908, Angle dif: 5.895260
{"Sources": [1, 2, 3, 4, 5]}
Beam angle: 28.267102
ID: 1, X: 1.452600, Z: 3.222700, Angle: 24.262997, Angle dif: 4.004104
ID: 2, X: 0.242420, Z: 0.600250, Angle: 21.992061, Angle dif: 6.275041
ID: 3, X: 0.107950, Z: 0.177200, Angle: 31.349716, Angle dif: 3.082615
ID: 4, X: 0.853690, Z: 1.550900, Angle: 28.830503, Angle dif: 0.563401
ID: 5, X: 1.230700, Z: 2.369900, Angle: 27.443060, Angle dif: 0.824042
{"Sources": [1, 2, 3, 4, 5]}
Beam angle: -32.057259
ID: 1, X: -0.064734, Z: 0.125210, Angle: -27.339119, Angle dif: 4.718140
ID: 2, X: -1.777500, Z: 3.065300, Angle: -30.108502, Angle dif: 1.948757
ID: 3, X: -1.012800, Z: 1.584700, Angle: -32.583114, Angle dif: 0.525855
ID: 4, X: -0.134360, Z: 0.200070, Angle: -33.883925, Angle dif: 1.826666
ID: 5, X: -1.425200, Z: 2.514100, Angle: -29.548154, Angle dif: 2.509105
{"Sources": [1, 2, 3, 4, 5]}
Beam angle: -16.053220
ID: 1, X: -0.854660, Z: 3.011400, Angle: -15.844377, Angle dif: 0.208843
ID: 2, X: -1.085100, Z: 2.484600, Angle: -23.592350, Angle dif: 7.539130
ID: 3, X: -0.585800, Z: 1.434300, Angle: -22.216196, Angle dif: 6.162976
ID: 4, X: -0.556140, Z: 1.265500, Angle: -23.723696, Angle dif: 7.670476
{"Sources": [1, 2, 3, 4]}
Beam angle: 26.943067
ID: 1, X: 0.965430, Z: 1.493500, Angle: 32.879482, Angle dif: 5.936415
ID: 2, X: 0.857890, Z: 1.958400, Angle: 23.656139, Angle dif: 3.286929
ID: 3, X: 0.887580, Z: 1.629600, Angle: 28.575418, Angle dif: 1.632351
ID: 4, X: 1.559200, Z: 3.052300, Angle: 27.059213, Angle dif: 0.116146
{"Sources": [1, 2, 3, 4]}
Beam angle: -26.472030
ID: 1, X: -1.288600, Z: 3.278900, Angle: -21.454710, Angle dif: 5.017319
ID: 2, X: -0.592250, Z: 1.748200, Angle: -18.715200, Angle dif: 7.756830
ID: 3, X: -1.321200, Z: 3.336500, Angle: -21.602764, Angle dif: 4.869266
{"Sources": [1, 2, 3]}
Beam angle: -22.195539
ID: 1, X: -0.459910, Z: 1.597800, Angle: -16.057910, Angle dif: 6.137629
ID: 2, X: -0.546070, Z: 0.867500, Angle: -32.189410, Angle dif: 9.993871
ID: 3, X: -1.023500, Z: 2.669300, Angle: -20.978515, Angle dif: 1.217024
{"Sources": [1, 2, 3]}
Beam angle: -20.041300
ID: 1, X: -0.133490, Z: 0.590060, Angle: -12.747511, Angle dif: 7.293789
ID: 2, X: -1.000800, Z: 1.986900, Angle: -26.734360, Angle dif: 6.693061
ID: 3, X: -1.239800, Z: 2.453300, Angle: -26.810214, Angle dif: 6.768915
ID: 4, X: -0.651940, Z: 2.370300, Angle: -15.378667, Angle dif: 4.662633
{"Sources": [1, 2, 3, 4]}
Beam angle: 4.867731
ID: 1, X: 0.059105, Z: 3.627400, Angle: 0.933497, Angle dif: 3.934234
ID: 2, X: -0.239070, Z: 3.794500, Angle: -3.605118, Angle dif: 8.472849
ID: 3, X: 0.648940, Z: 3.735800, Angle: 9.854428, Angle dif: 4.986697
ID: 4, X: 0.090038, Z: 0.516790, Angle: 9.883183, Angle dif: 5.015452
{"Sources": [1, 2, 3, 4]}
Beam angle: 15.421218
ID: 1, X: 0.196080, Z: 0.870220, Angle: 12.697961, Angle dif: 2.723258
ID: 2, X: 0.043791, Z: 0.097817, Angle: 24.117247, Angle dif: 8.696029
{"Sources": [1, 2]}
Beam angle: -21.971886
ID: 1, X: -0.945970, Z: 2.690600, Angle: -19.370822, Angle dif: 2.601064
ID: 2, X: -0.440900, Z: 1.621000, Angle: -15.215932, Angle dif: 6.755954
ID: 3, X: -0.306260, Z: 0.954640, Angle: -17.786866, Angle dif: 4.185020
ID: 4, X: -0.775500, Z: 1.480900, Angle: -27.639614, Angle dif: 5.667728
ID: 5, X: -1.736000, Z: 3.161100, Angle: -28.774531, Angle dif: 6.802645
{"Sources": [1, 2, 3, 4, 5]}
Beam angle: -32.403995
ID: 1, X: -0.316210, Z: 0.635650, Angle: -26.448475, Angle dif: 5.955519
ID: 2, X: -0.798310, Z: 1.557500, Angle: -27.137798, Angle dif: 5.266196
ID: 3, X: -0.465300, Z: 1.089100, Angle: -23.133796, Angle dif: 9.270198
{"Sources": [1, 2, 3]}
Beam angle: 19.548108
ID: 1, X: 0.439460, Z: 1.004700, Angle: 23.624770, Angle dif: 4.076663
ID: 2, X: 0.930980, Z: 2.662900, Angle: 19.270205, Angle dif: 0.277903
ID: 3, X: 0.622700, Z: 1.928500, Angle: 17.894928, Angle dif: 1.653180
{"Sources": [1, 2, 3]}
Beam angle: 15.930683
ID: 1, X: 0.352010, Z: 1.142200, Angle: 17.128563, Angle dif: 1.197880
ID: 2, X: 0.259120, Z: 1.258100, Angle: 11.637977, Angle dif: 4.292706
ID: 3, X: 0.548580, Z: 1.999400, Angle: 15.342811, Angle dif: 0.587872
ID: 4, X: 0.553530, Z: 1.315000, Angle: 22.827947, Angle dif: 6.897264
ID: 5, X: 0.279520, Z: 2.485600, Angle: 6.416283, Angle dif: 9.514400
{"Sources": [1, 2, 3, 4, 5]}
Beam angle: -0.278808
ID: 1, X: -0.068507, Z: 0.811310, Angle: -4.826605, Angle dif: 4.547797
ID: 2, X: -0.602870, Z: 3.624400, Angle: -9.443915, Angle dif: 9.165107
{"Sources": [1, 2]}
Beam angle: 34.449034
ID: 1, X: 0.333190, Z: 0.655790, Angle: 26.933950, Angle dif: 7.515084
ID: 2, X: 0.134440, Z: 0.234750, Angle: 29.799523, Angle dif: 4.649511
ID: 3, X: 1.176200, Z: 2.110100, Angle: 29.135922, Angle dif: 5.313112
ID: 4, X: 1.054000, Z: 2.001000, Angle: 27.777419, Angle dif: 6.671615
ID: 5, X: 1.559000, Z: 3.401400, Angle: 24.623913, Angle dif: 9.825122
{"Sources": [1, 2, 3, 4, 5]}
Beam angle: -12.341295
ID: 1, X: -0.194050, Z: 0.850690, Angle: -12.849816, Angle dif: 0.508521
ID: 2, X: -0.237810, Z: 1.878800, Angle: -7.213878, Angle dif: 5.127417
{"Sources": [1, 2]}
Beam angle: -20.008989
ID: 1, X: -0.153070, Z: 0.857380, Angle: -10.122498, Angle dif: 9.886491
ID: 2, X: -0.030162, Z: 0.066747, Angle: -24.317520, Angle dif: 4.308531
ID: 3, X: -1.274200, Z: 3.773100, Angle: -18.660154, Angle dif: 1.348835
{"Sources": [1, 2, 3]}
Beam angle: -32.850902
ID: 1, X: -0.447430, Z: 0.926510, Angle: -25.776815, Angle dif: 7.074087
{"Sources": [1]}
Beam angle: 14.848781
ID: 1, X: 0.414550, Z: 1.350500, Angle: 17.064412, Angle dif: 2.215631
ID: 2, X: 0.139500, Z: 0.375460, Angle: 20.382259, Angle dif: 5.533478
ID: 3, X: 0.181670, Z: 0.537160, Angle: 18.685775, Angle dif: 3.836994
ID: 4, X: 0.321870, Z: 2.864600, Angle: 6.410935, Angle dif: 8.437846
ID: 5, X: 0.926870, Z: 2.243900, Angle: 22.443664, Angle dif: 7.594883
{"Sources": [1, 2, 3, 4, 5]}
Beam angle: -9.800764
ID: 1, X: -0.029473, Z: 1.227800, Angle: -1.375105, Angle dif: 8.425659
ID: 2, X: -0.115770, Z: 1.018000, Angle: -6.487973, Angle dif: 3.312791
ID: 3, X: -0.311660, Z: 1.492000, Angle: -11.798711, Angle dif: 1.997947
{"Sources": [1, 2, 3]}
Beam angle: 21.817940
ID: 1, X: 0.288070, Z: 0.585640, Angle: 26.192075, Angle dif: 4.374135
ID: 2, X: 0.842670, Z: 1.742000, Angle: 25.814776, Angle dif: 3.996836
ID: 3, X: 1.097500, Z: 3.547900, Angle: 17.188821, Angle dif: 4.629119
ID: 4, X: 1.333200, Z: 2.787000, Angle: 25.564766, Angle dif: 3.746826
{"Sources": [1, 2, 3, 4]}
Beam angle: 27.682672
ID: 1, X: 1.202500, Z: 2.236700, Angle: 28.263470, Angle dif: 0.580798
ID: 2, X: 0.378530, Z: 0.739270, Angle: 27.113905, Angle dif: 0.568766
{"Sources": [1, 2]}
Beam angle: -14.685817
ID: 1, X: -0.195960, Z: 0.999680, Angle: -11.090650, Angle dif: 3.595167
ID: 2, X: -0.098872, Z: 0.543350, Angle: -10.313124, Angle dif: 4.372693
ID: 3, X: -0.747360, Z: 3.787000, Angle: -11.163799, Angle dif: 3.522017
ID: 4, X: -0.478800, Z: 1.564100, Angle: -17.020321, Angle dif: 2.334504
ID: 5, X: -0.627900, Z: 1.862900, Angle: -18.626653, Angle dif: 3.940836
{"Sources": [1, 2, 3, 4, 5]}
Beam angle: -18.038078
ID: 1, X: -0.918180, Z: 2.235200, Angle: -22.331978, Angle dif: 4.293899
ID: 2, X: -0.227150, Z: 0.658300, Angle: -19.037273, Angle dif: 0.999195
{"Sources": [1, 2]}
Beam angle: 30.924102
ID: 1, X: 1.116800, Z: 2.562800, Angle: 23.546290, Angle dif: 7.377812
ID: 2, X: 0.364900, Z: 0.837470, Angle: 23.543580, Angle dif: 7.380522
ID: 3, X: 1.885400, Z: 3.447500, Angle: 28.673766, Angle dif: 2.250336
ID: 4, X: 1.979100, Z: 3.300600, Angle: 30.947671, Angle dif: 0.023569
ID: 5, X: 1.696500, Z: 3.284900, Angle: 27.314276, Angle dif: 3.609826
{"Sources": [1, 2, 3, 4, 5]}
Beam angle: 7.369189
ID: 1, X: 0.649640, Z: 2.868800, Angle: 12.759439, Angle dif: 5.390251
ID: 2, X: 0.130200, Z: 0.804850, Angle: 9.189091, Angle dif: 1.819903
ID: 3, X: 0.064347, Z: 1.196900, Angle: 3.077338, Angle dif: 4.291851
{"Sources": [1, 2, 3]}
Beam angle: -1.478528
ID: 1, X: -0.148500, Z: 1.792900, Angle: -4.734813, Angle dif: 3.256285
ID: 2, X: 0.172600, Z: 2.484500, Angle: 3.973994, Angle dif: 5.452522
{"Sources": [1, 2]}
Beam angle: -18.991364
ID: 1, X: -0.244560, Z: 1.229400, Angle: -11.250768, Angle dif: 7.740596
{"Sources": [1]}
Beam angle: -6.896807
ID: 1, X: -0.180970, Z: 1.674800, Angle: -6.167150, Angle dif: 0.729657
{"Sources": [1]}
Beam angle: 0.592796
ID: 1, X: -0.257630, Z: 1.907500, Angle: -7.691914, Angle dif: 8.284710
{"Sources": [1]}
Beam angle: 8.277342
ID: 1, X: -0.027073, Z: 1.810900, Angle: -0.856510, Angle dif: 9.133852
{"Sources": [1]}
Beam angle: -24.432176
ID: 1, X: -0.239820, Z: 0.723820, Angle: -18.331349, Angle dif: 6.100827
ID: 2, X: -0.321580, Z: 1.010300, Angle: -17.656351, Angle dif: 6.775825
ID: 3, X: -0.080190, Z: 0.168470, Angle: -25.453971, Angle dif: 1.021796
ID: 4, X: -1.890600, Z: 3.044900, Angle: -31.836439, Angle dif: 7.404263
{"Sources": [1, 2, 3, 4]}
Beam angle: -29.773309
ID: 1, X: -1.546600, Z: 3.278100, Angle: -25.257830, Angle dif: 4.515479
ID: 2, X: -1.068200, Z: 2.169400, Angle: -26.215368, Angle dif: 3.557941
ID: 3, X: -0.371690, Z: 0.676350, Angle: -28.791116, Angle dif: 0.982193
ID: 4, X: -2.085000, Z: 3.142400, Angle: -33.564497, Angle dif: 3.791188
ID: 5, X: -2.055800, Z: 3.175400, Angle: -32.919605, Angle dif: 3.146297
{"Sources": [1, 2, 3, 4, 5]}
Beam angle: 0.306265
ID: 1, X: 0.385320, Z: 2.181500, Angle: 10.016879, Angle dif: 9.710614
ID: 2, X: -0.329400, Z: 2.471100, Angle: -7.592821, Angle dif: 7.899086
{"Sources": [1, 2]}
Beam angle: -28.841501
ID: 1, X: -1.763400, Z: 2.842200, Angle: -31.816907, Angle dif: 2.975407
ID: 2, X: -1.537400, Z: 3.149600, Angle: -26.018182, Angle dif: 2.823318
ID: 3, X: -0.639570, Z: 1.207800, Angle: -27.902698, Angle dif: 0.938803
ID: 4, X: -1.594500, Z: 3.296100, Angle: -25.815539, Angle dif: 3.025961
{"Sources": [1, 2, 3, 4]}
Beam angle: 6.548124
ID: 1, X: 0.129760, Z: 1.710400, Angle: 4.338451, Angle dif: 2.209674
{"Sources": [1]}
Beam angle: 29.503485
ID: 1, X: 1.217900, Z: 1.974300, Angle: 31.669476, Angle dif: 2.165990
ID: 2, X: 1.794000, Z: 3.205400, Angle: 29.234890, Angle dif: 0.268595
ID: 3, X: 0.925500, Z: 1.585600, Angle: 30.271713, Angle dif: 0.768227
{"Sources": [1, 2, 3]}
Beam angle: -25.746896
ID: 1, X: -0.359140, Z: 0.987980, Angle: -19.976680, Angle dif: 5.770215
ID: 2, X: -1.700100, Z: 2.479400, Angle: -34.438046, Angle dif: 8.691151
ID: 3, X: -1.471500, Z: 2.794300, Angle: -27.771638, Angle dif: 2.024742
ID: 4, X: -0.647340, Z: 1.922500, Angle: -18.609296, Angle dif: 7.137600
{"Sources": [1, 2, 3, 4]}
Beam angle: -9.501925
ID: 1, X: -0.253490, Z: 0.887910, Angle: -15.933549, Angle dif: 6.431623
ID: 2, X: -0.834330, Z: 3.613200, Angle: -13.002364, Angle dif: 3.500439
ID: 3, X: -0.685430, Z: 2.653100, Angle: -14.485661, Angle dif: 4.983736
{"Sources": [1, 2, 3]}
Beam angle: 25.995792
ID: 1, X: 1.541800, Z: 2.674500, Angle: 29.962657, Angle dif: 3.966865
ID: 2, X: 0.223890, Z: 0.751840, Angle: 16.582975, Angle dif: 9.412818
{"Sources": [1, 2]}
Beam angle: -18.328287
ID: 1, X: -0.256000, Z: 1.019900, Angle: -14.090426, Angle dif: 4.237861
ID: 2, X: -1.526500, Z: 2.979900, Angle: -27.124498, Angle dif: 8.796211
ID: 3, X: -0.899930, Z: 2.892200, Angle: -17.283927, Angle dif: 1.044360
{"Sources": [1, 2, 3]}
Beam angle: -30.297695
ID: 1, X: -0.641730, Z: 1.683400, Angle: -20.867379, Angle dif: 9.430316
{"Sources": [1]}
Beam angle: -16.251415
ID: 1, X: -0.993420, Z: 3.120700, Angle: -17.657960, Angle dif: 1.406545
ID: 2, X: -0.060502, Z: 0.481460, Angle: -7.162450, Angle dif: 9.088965
ID: 3, X: -1.082500, Z: 3.053000, Angle: -19.522943, Angle dif: 3.271528
{"Sources": [1, 2, 3]}
Beam angle: -11.539888
ID: 1, X: -0.142380, Z: 0.382160, Angle: -20.433706, Angle dif: 8.893818
ID: 2, X: -0.583970, Z: 1.916200, Angle: -16.948820, Angle dif: 5.408932
ID: 3, X: -0.407990, Z: 1.478300, Angle: -15.428756, Angle dif: 3.888868
ID: 4, X: -0.002412, Z: 0.061876, Angle: -2.232420, Angle dif: 9.307468
{"Sources": [1, 2, 3, 4]}
Beam angle: 7.179012
ID: 1, X: 0.695660, Z: 2.518200, Angle: 15.442967, Angle dif: 8.263955
ID: 2, X: 0.261500, Z: 2.535300, Angle: 5.888869, Angle dif: 1.290143
ID: 3, X: 0.621740, Z: 3.526400, Angle: 9.999063, Angle dif: 2.820051
ID: 4, X: 0.546660, Z: 1.871700, Angle: 16.281291, Angle dif: 9.102278
ID: 5, X: 0.382190, Z: 1.961700, Angle: 11.024600, Angle dif: 3.845587
{"Sources": [1, 2, 3, 4, 5]}
Beam angle: 18.054215
ID: 1, X: 0.226680, Z: 0.706680, Angle: 17.784554, Angle dif: 0.269661
{"Sources": [1]}
Beam angle: 12.185384
ID: 1, X: 0.074160, Z: 0.890800, Angle: 4.758957, Angle dif: 7.426427
{"Sources": [1]}
Beam angle: 23.638155
ID: 1, X: 1.604200, Z: 2.725000, Angle: 30.485205, Angle dif: 6.847049
ID: 2, X: 0.728330, Z: 1.880100, Angle: 21.175818, Angle dif: 2.462337
ID: 3, X: 0.086901, Z: 0.306860, Angle: 15.811819, Angle dif: 7.826336
ID: 4, X: 0.125020, Z: 0.219480, Angle: 29.666665, Angle dif: 6.028510
ID: 5, X: 0.790810, Z: 2.713600, Angle: 16.247426, Angle dif: 7.390730
{"Sources": [1, 2, 3, 4, 5]}
Beam angle: 27.556683
ID: 1, X: 1.232900, Z: 2.752200, Angle: 24.130895, Angle dif: 3.425788
ID: 2, X: 1.977900, Z: 3.005700, Angle: 33.346904, Angle dif: 5.790220
ID: 3, X: 0.836660, Z: 2.200600, Angle: 20.816619, Angle dif: 6.740065
ID: 4, X: 0.718790, Z: 1.286500, Angle: 29.192854, Angle dif: 1.636171
ID: 5, X: 1.222300, Z: 3.004800, Angle: 22.135631, Angle dif: 5.421053
{"Sources": [1, 2, 3, 4, 5]}
Beam angle: 6.619793
ID: 1, X: 0.188680, Z: 0.962250, Angle: 11.093925, Angle dif: 4.474132
ID: 2, X: 0.324570, Z: 1.279100, Angle: 14.238216, Angle dif: 7.618423
ID: 3, X: 0.571400, Z: 2.486000, Angle: 12.944446, Angle dif: 6.324653
{"Sources": [1, 2, 3]}
Beam angle: 30.564797
ID: 1, X: 0.741170, Z: 1.570900, Angle: 25.258517, Angle dif: 5.306280
ID: 2, X: 1.385500, Z: 3.456400, Angle: 21.843411, Angle dif: 8.721386
ID: 3, X: 1.317500, Z: 3.090200, Angle: 23.090869, Angle dif: 7.473927
ID: 4, X: 0.820370, Z: 1.897200, Angle: 23.384183, Angle dif: 7.180614
ID: 5, X: 0.973930, Z: 1.711100, Angle: 29.647821, Angle dif: 0.916976
{"Sources": [1, 2, 3, 4, 5]}
Beam angle: 34.547156
ID: 1, X: 1.085800, Z: 1.553000, Angle: 34.959818, Angle dif: 0.412663
ID: 2, X: 1.619600, Z: 2.652000, Angle: 31.412784, Angle dif: 3.134372
{"Sources": [1, 2]}
Beam angle: -11.404536
ID: 1, X: -0.003830, Z: 0.041512, Angle: -5.271054, Angle dif: 6.133482
ID: 2, X: -0.862070, Z: 2.239100, Angle: -21.057073, Angle dif: 9.652538
ID: 3, X: -0.437140, Z: 1.990800, Angle: -12.384467, Angle dif: 0.979931
ID: 4, X: -1.044700, Z: 3.270600, Angle: -17.714600, Angle dif: 6.310065
{"Sources": [1, 2, 3, 4]}
Beam angle: 8.902230
ID: 1, X: 0.120330, Z: 0.909410, Angle: 7.537396, Angle dif: 1.364834
ID: 2, X: 0.325370, Z: 1.771700, Angle: 10.406326, Angle dif: 1.504095
ID: 3, X: 0.201310, Z: 2.635500, Angle: 4.367998, Angle dif: 4.534232
ID: 4, X: 0.034059, Z: 1.208000, Angle: 1.615000, Angle dif: 7.287230
{"Sources": [1, 2, 3, 4]}
Beam angle: -29.054394
ID: 1, X: -0.007797, Z: 0.011639, Angle: -33.817906, Angle dif: 4.763512
ID: 2, X: -0.797030, Z: 1.794700, Angle: -23.946106, Angle dif: 5.108288
ID: 3, X: -0.354980, Z: 0.964420, Angle: -20.207458, Angle dif: 8.846936
ID: 4, X: -0.958310, Z: 1.448200, Angle: -33.493599, Angle dif: 4.439205
ID: 5, X: -1.094800, Z: 2.791100, Angle: -21.417435, Angle dif: 7.636959
{"Sources": [1, 2, 3, 4, 5]}
Beam angle: -12.502528
ID: 1, X: -0.527050, Z: 1.502000, Angle: -19.335911, Angle dif: 6.833382
ID: 2, X: -0.056528, Z: 0.782960, Angle: -4.129465, Angle dif: 8.373063
{"Sources": [1, 2]}
Beam angle: 3.452537
ID: 1, X: 0.144380, Z: 3.705000, Angle: 2.231628, Angle dif: 1.220909
{"Sources": [1]}
Beam angle: 29.053013
ID: 1, X: 0.111100, Z: 0.233840, Angle: 25.412916, Angle dif: 3.640097
{"Sources": [1]}
Beam angle: -20.532827
ID: 1, X: -0.245150, Z: 0.482300, Angle: -26.943939, Angle dif: 6.411112
{"Sources": [1]}
Beam angle: 22.237936
ID: 1, X: 1.151300, Z: 2.016500, Angle: 29.723763, Angle dif: 7.485827
ID: 2, X: 0.640490, Z: 2.740200, Angle: 13.156031, Angle dif: 9.081905
ID: 3, X: 0.154160, Z: 0.389800, Angle: 21.578047, Angle dif: 0.659889
ID: 4, X: 0.470400, Z: 0.911340, Angle: 27.301110, Angle dif: 5.063173
ID: 5, X: 0.715970, Z: 3.205300, Angle: 12.591497, Angle dif: 9.646439
{"Sources": [1, 2, 3, 4, 5]}
Beam angle: 13.170410
ID: 1, X: 0.977480, Z: 2.469400, Angle: 21.595494, Angle dif: 8.425084
ID: 2, X: 0.177100, Z: 0.597340, Angle: 16.514093, Angle dif: 3.343683
ID: 3, X: 1.234700, Z: 3.711600, Angle: 18.400209, Angle dif: 5.229798
ID: 4, X: 0.810380, Z: 2.437500, Angle: 18.390088, Angle dif: 5.219677
{"Sources": [1, 2, 3, 4]}
Beam angle: 18.159300
ID: 1, X: 0.763210, Z: 1.517400, Angle: 26.701124, Angle dif: 8.541824
ID: 2, X: 0.443520, Z: 2.178000, Angle: 11.510127, Angle dif: 6.649174
ID: 3, X: 0.034948, Z: 0.179160, Angle: 11.037844, Angle dif: 7.121456
ID: 4, X: 0.862430, Z: 3.143900, Angle: 15.339944, Angle dif: 2.819356
ID: 5, X: 0.508620, Z: 2.849500, Angle: 10.120399, Angle dif: 8.038902
{"Sources": [1, 2, 3, 4, 5]}
Beam angle: 0.256097
ID: 1, X: 0.208030, Z: 2.311800, Angle: 5.141978, Angle dif: 4.885881
{"Sources": [1]}
Beam angle: -24.654459
ID: 1, X: -0.202200, Z: 0.392280, Angle: -27.268758, Angle dif: 2.614299
ID: 2, X: -0.418560, Z: 1.410200, Angle: -16.531361, Angle dif: 8.123098
{"Sources": [1, 2]}
Beam angle: 12.292445
ID: 1, X: 0.021963, Z: 0.165370, Angle: 7.565252, Angle dif: 4.727193
{"Sources": [1]}
Beam angle: 10.619743
ID: 1, X: 0.538810, Z: 1.653500, Angle: 18.048733, Angle dif: 7.428990
ID: 2, X: 0.099544, Z: 2.679000, Angle: 2.127969, Angle dif: 8.491774
ID: 3, X: 0.878520, Z: 2.975200, Angle: 16.450869, Angle dif: 5.831126
{"Sources": [1, 2, 3]}
Beam angle: -34.604572
ID: 1, X: -0.072284, Z: 0.143010, Angle: -26.814187, Angle dif: 7.790385
ID: 2, X: -1.044700, Z: 2.173300, Angle: -25.673480, Angle dif: 8.931092
ID: 3, X: -1.058800, Z: 1.747000, Angle: -31.218694, Angle dif: 3.385878
ID: 4, X: -1.837100, Z: 2.694400, Angle: -34.287009, Angle dif: 0.317563
ID: 5, X: -1.091800, Z: 2.120900, Angle: -27.238570, Angle dif: 7.366002
{"Sources": [1, 2, 3, 4, 5]}
Beam angle: -5.333995
ID: 1, X: -0.023212, Z: 0.115510, Angle: -11.362387, Angle dif: 6.028392
{"Sources": [1]}
Beam angle: 17.252565
ID: 1, X: 0.741220, Z: 3.253300, Angle: 12.834969, Angle dif: 4.417595
ID: 2, X: 0.151170, Z: 1.183200, Angle: 7.280875, Angle dif: 9.971690
ID: 3, X: 0.655470, Z: 2.800700, Angle: 13.172302, Angle dif: 4.080263
{"Sources": [1, 2, 3]}
Beam angle: 3.864183
ID: 1, X: 0.076016, Z: 2.844100, Angle: 1.531015, Angle dif: 2.333168
ID: 2, X: 0.554750, Z: 3.894400, Angle: 8.107135, Angle dif: 4.242952
ID: 3, X: 0.322530, Z: 1.761800, Angle: 10.374174, Angle dif: 6.509991
{"Sources": [1, 2, 3]}
Beam angle: -24.983234
ID: 1, X: -0.473190, Z: 1.020400, Angle: -24.878565, Angle dif: 0.104669
{"Sources": [1]}
Beam angle: -13.909379
ID: 1, X: -0.617690, Z: 2.410600, Angle: -14.372193, Angle dif: 0.462815
ID: 2, X: -0.655540, Z: 2.561600, Angle: -14.354517, Angle dif: 0.445138
ID: 3, X: -0.139200, Z: 0.999290, Angle: -7.930209, Angle dif: 5.979170
ID: 4, X: -0.266710, Z: 3.221900, Angle: -4.732175, Angle dif: 9.177204
{"Sources": [1, 2, 3, 4]}
Beam angle: 5.761023
ID: 1, X: 0.072144, Z: 0.934530, Angle: 4.414374, Angle dif: 1.346649
{"Sources": [1]}
Beam angle: 24.659024
ID: 1, X: 0.300710, Z: 0.959470, Angle: 17.401649, Angle dif: 7.257375
ID: 2, X: 1.449700, Z: 2.758400, Angle: 27.724543, Angle dif: 3.065519
ID: 3, X: 0.324610, Z: 1.111300, Angle: 16.283049, Angle dif: 8.375975
{"Sources": [1, 2, 3]}
Beam angle: -8.521284
ID: 1, X: -0.023941, Z: 0.358620, Angle: -3.819324, Angle dif: 4.701960
ID: 2, X: -0.205880, Z: 3.301400, Angle: -3.568425, Angle dif: 4.952859
ID: 3, X: -0.045788, Z: 1.133500, Angle: -2.313219, Angle dif: 6.208065
ID: 4, X: -0.070684, Z: 2.082600, Angle: -1.943888, Angle dif: 6.577396
ID: 5, X: 0.045553, Z: 2.165400, Angle: 1.205140, Angle dif: 9.726424
{"Sources": [1, 2, 3, 4, 5]}
